<?xml version="1.0" encoding="UTF-8"?>
<testsuite xmlns:xsi="http://www.w3.org/2001/XMLSchema-instance" xsi:noNamespaceSchemaLocation="https://maven.apache.org/surefire/maven-surefire-plugin/xsd/surefire-test-report.xsd" name="MyTest" time="0.055" tests="30" errors="0" skipped="0" failures="1">
  <properties>
    <property name="java.specification.version" value="16"/>
    <property name="sun.cpu.isalist" value="amd64"/>
    <property name="sun.jnu.encoding" value="Cp1252"/>
    <property name="java.class.path" value="C:\Users\Ed\Desktop\Project 4\Server\ServerProgram\target\test-classes;C:\Users\Ed\Desktop\Project 4\Server\ServerProgram\target\classes;C:\Users\Ed\.m2\repository\org\junit\jupiter\junit-jupiter\5.6.2\junit-jupiter-5.6.2.jar;C:\Users\Ed\.m2\repository\org\junit\jupiter\junit-jupiter-api\5.6.2\junit-jupiter-api-5.6.2.jar;C:\Users\Ed\.m2\repository\org\apiguardian\apiguardian-api\1.1.0\apiguardian-api-1.1.0.jar;C:\Users\Ed\.m2\repository\org\opentest4j\opentest4j\1.2.0\opentest4j-1.2.0.jar;C:\Users\Ed\.m2\repository\org\junit\platform\junit-platform-commons\1.6.2\junit-platform-commons-1.6.2.jar;C:\Users\Ed\.m2\repository\org\junit\jupiter\junit-jupiter-params\5.6.2\junit-jupiter-params-5.6.2.jar;C:\Users\Ed\.m2\repository\org\junit\jupiter\junit-jupiter-engine\5.6.2\junit-jupiter-engine-5.6.2.jar;C:\Users\Ed\.m2\repository\org\junit\platform\junit-platform-engine\1.6.2\junit-platform-engine-1.6.2.jar;C:\Users\Ed\.m2\repository\org\openjfx\javafx-controls\12.0.1\javafx-controls-12.0.1.jar;C:\Users\Ed\.m2\repository\org\openjfx\javafx-controls\12.0.1\javafx-controls-12.0.1-win.jar;C:\Users\Ed\.m2\repository\org\openjfx\javafx-graphics\12.0.1\javafx-graphics-12.0.1.jar;C:\Users\Ed\.m2\repository\org\openjfx\javafx-graphics\12.0.1\javafx-graphics-12.0.1-win.jar;C:\Users\Ed\.m2\repository\org\openjfx\javafx-base\12.0.1\javafx-base-12.0.1.jar;C:\Users\Ed\.m2\repository\org\openjfx\javafx-base\12.0.1\javafx-base-12.0.1-win.jar;C:\Users\Ed\.m2\repository\org\openjfx\javafx-fxml\12\javafx-fxml-12.jar;C:\Users\Ed\.m2\repository\org\openjfx\javafx-fxml\12\javafx-fxml-12-win.jar;"/>
    <property name="java.vm.vendor" value="Oracle Corporation"/>
    <property name="sun.arch.data.model" value="64"/>
    <property name="user.variant" value=""/>
    <property name="java.vendor.url" value="https://java.oracle.com/"/>
    <property name="user.timezone" value="America/Chicago"/>
    <property name="os.name" value="Windows 10"/>
    <property name="java.vm.specification.version" value="16"/>
    <property name="sun.java.launcher" value="SUN_STANDARD"/>
    <property name="user.country" value="US"/>
    <property name="sun.boot.library.path" value="C:\Users\Ed\.p2\pool\plugins\org.eclipse.justj.openjdk.hotspot.jre.full.win32.x86_64_16.0.2.v20210721-1149\jre\bin"/>
    <property name="sun.java.command" value="C:\Users\Ed\AppData\Local\Temp\surefire3262642573270181244\surefirebooter14306436521121132819.jar C:\Users\Ed\AppData\Local\Temp\surefire3262642573270181244 2021-11-22T03-52-09_402-jvmRun1 surefire1190590192542560341tmp surefire_07465719685051696841tmp"/>
    <property name="jdk.debug" value="release"/>
    <property name="surefire.test.class.path" value="C:\Users\Ed\Desktop\Project 4\Server\ServerProgram\target\test-classes;C:\Users\Ed\Desktop\Project 4\Server\ServerProgram\target\classes;C:\Users\Ed\.m2\repository\org\junit\jupiter\junit-jupiter\5.6.2\junit-jupiter-5.6.2.jar;C:\Users\Ed\.m2\repository\org\junit\jupiter\junit-jupiter-api\5.6.2\junit-jupiter-api-5.6.2.jar;C:\Users\Ed\.m2\repository\org\apiguardian\apiguardian-api\1.1.0\apiguardian-api-1.1.0.jar;C:\Users\Ed\.m2\repository\org\opentest4j\opentest4j\1.2.0\opentest4j-1.2.0.jar;C:\Users\Ed\.m2\repository\org\junit\platform\junit-platform-commons\1.6.2\junit-platform-commons-1.6.2.jar;C:\Users\Ed\.m2\repository\org\junit\jupiter\junit-jupiter-params\5.6.2\junit-jupiter-params-5.6.2.jar;C:\Users\Ed\.m2\repository\org\junit\jupiter\junit-jupiter-engine\5.6.2\junit-jupiter-engine-5.6.2.jar;C:\Users\Ed\.m2\repository\org\junit\platform\junit-platform-engine\1.6.2\junit-platform-engine-1.6.2.jar;C:\Users\Ed\.m2\repository\org\openjfx\javafx-controls\12.0.1\javafx-controls-12.0.1.jar;C:\Users\Ed\.m2\repository\org\openjfx\javafx-controls\12.0.1\javafx-controls-12.0.1-win.jar;C:\Users\Ed\.m2\repository\org\openjfx\javafx-graphics\12.0.1\javafx-graphics-12.0.1.jar;C:\Users\Ed\.m2\repository\org\openjfx\javafx-graphics\12.0.1\javafx-graphics-12.0.1-win.jar;C:\Users\Ed\.m2\repository\org\openjfx\javafx-base\12.0.1\javafx-base-12.0.1.jar;C:\Users\Ed\.m2\repository\org\openjfx\javafx-base\12.0.1\javafx-base-12.0.1-win.jar;C:\Users\Ed\.m2\repository\org\openjfx\javafx-fxml\12\javafx-fxml-12.jar;C:\Users\Ed\.m2\repository\org\openjfx\javafx-fxml\12\javafx-fxml-12-win.jar;"/>
    <property name="sun.cpu.endian" value="little"/>
    <property name="user.home" value="C:\Users\Ed"/>
    <property name="user.language" value="en"/>
    <property name="java.specification.vendor" value="Oracle Corporation"/>
    <property name="java.version.date" value="2021-07-20"/>
    <property name="java.home" value="C:\Users\Ed\.p2\pool\plugins\org.eclipse.justj.openjdk.hotspot.jre.full.win32.x86_64_16.0.2.v20210721-1149\jre"/>
    <property name="file.separator" value="\"/>
    <property name="basedir" value="C:\Users\Ed\Desktop\Project 4\Server\ServerProgram"/>
    <property name="java.vm.compressedOopsMode" value="32-bit"/>
    <property name="line.separator" value="&#10;"/>
    <property name="java.vm.specification.vendor" value="Oracle Corporation"/>
    <property name="java.specification.name" value="Java Platform API Specification"/>
    <property name="surefire.real.class.path" value="C:\Users\Ed\AppData\Local\Temp\surefire3262642573270181244\surefirebooter14306436521121132819.jar"/>
    <property name="user.script" value=""/>
    <property name="sun.management.compiler" value="HotSpot 64-Bit Tiered Compilers"/>
    <property name="java.runtime.version" value="16.0.2+7-67"/>
    <property name="user.name" value="Ed"/>
    <property name="path.separator" value=";"/>
    <property name="os.version" value="10.0"/>
    <property name="java.runtime.name" value="OpenJDK Runtime Environment"/>
    <property name="file.encoding" value="Cp1252"/>
    <property name="java.vm.name" value="OpenJDK 64-Bit Server VM"/>
    <property name="localRepository" value="C:\Users\Ed\.m2\repository"/>
    <property name="java.vendor.url.bug" value="https://bugreport.java.com/bugreport/"/>
    <property name="java.io.tmpdir" value="C:\Users\Ed\AppData\Local\Temp\"/>
    <property name="java.version" value="16.0.2"/>
    <property name="user.dir" value="C:\Users\Ed\Desktop\Project 4\Server\ServerProgram"/>
    <property name="os.arch" value="amd64"/>
    <property name="java.vm.specification.name" value="Java Virtual Machine Specification"/>
    <property name="sun.os.patch.level" value=""/>
    <property name="java.library.path" value="C:\Users\Ed\.p2\pool\plugins\org.eclipse.justj.openjdk.hotspot.jre.full.win32.x86_64_16.0.2.v20210721-1149\jre\bin;C:\WINDOWS\Sun\Java\bin;C:\WINDOWS\system32;C:\WINDOWS;C:/Users/Ed/.p2/pool/plugins/org.eclipse.justj.openjdk.hotspot.jre.full.win32.x86_64_16.0.2.v20210721-1149/jre/bin/server;C:/Users/Ed/.p2/pool/plugins/org.eclipse.justj.openjdk.hotspot.jre.full.win32.x86_64_16.0.2.v20210721-1149/jre/bin;C:\Program Files\Common Files\Oracle\Java\javapath;C:\Program Files\Python39\Scripts\;C:\Program Files\Python39\;C:\Program Files (x86)\Razer Chroma SDK\bin;C:\Program Files\Razer Chroma SDK\bin;C:\Program Files (x86)\Common Files\Oracle\Java\javapath;C:\Windows\system32;C:\Windows;C:\Windows\System32\Wbem;C:\Windows\System32\WindowsPowerShell\v1.0\;C:\Windows\System32\OpenSSH\;C:\Program Files\NVIDIA Corporation\NVIDIA NvDLISR;C:\Program Files (x86)\NVIDIA Corporation\PhysX\Common;C:\WINDOWS\system32;C:\WINDOWS;C:\WINDOWS\System32\Wbem;C:\WINDOWS\System32\WindowsPowerShell\v1.0\;C:\WINDOWS\System32\OpenSSH\;C:\Users\Ed\AppData\Local\Microsoft\WindowsApps;C:\WINDOWS\system32;C:\WINDOWS;C:\WINDOWS\System32\Wbem;C:\WINDOWS\System32\WindowsPowerShell\v1.0\;C:\WINDOWS\System32\OpenSSH\;C:\Program Files\nodejs\;C:\Program Files\Git\cmd;C:\Program Files\dotnet\;C:\Android;C:\Program Files\Java\jdk-11.0.12\bin;C:\Program Files\Java\apache-maven-3.8.2\bin;C:\Program Files\Go\bin;C:\Users\Ed\AppData\Local\Microsoft\WindowsApps;C:\Users\Ed\.dotnet\tools;C:\Users\Ed\AppData\Local\Programs\Microsoft VS Code\bin;C:\Users\Ed\AppData\Roaming\npm;C:\flutter\bin;C:\Users\Ed\.dotnet\tools;C:\Program Files\JetBrains\IntelliJ IDEA Community Edition 2021.2.1\bin;;C:\Users\Ed\go\bin;C:\WINDOWS\System32;;."/>
    <property name="java.vm.info" value="mixed mode"/>
    <property name="java.vendor" value="Oracle Corporation"/>
    <property name="java.vm.version" value="16.0.2+7-67"/>
    <property name="sun.io.unicode.encoding" value="UnicodeLittle"/>
    <property name="java.class.version" value="60.0"/>
  </properties>
  <testcase name="testBaccaratGameLogicWhoWon1" classname="MyTest" time="0.022"/>
  <testcase name="testBaccaratGameLogicWhoWon2" classname="MyTest" time="0"/>
  <testcase name="testBaccaratGameLogicWhoWon3" classname="MyTest" time="0"/>
  <testcase name="testBaccaratGameLogicWhoWon4" classname="MyTest" time="0.001"/>
  <testcase name="testBaccaratGameLogicWhoWon5" classname="MyTest" time="0"/>
  <testcase name="testBaccaratDealerDeckSize1" classname="MyTest" time="0"/>
  <testcase name="testBaccaratDealerDeckSize2" classname="MyTest" time="0"/>
  <testcase name="testBaccaratDealerGenerateDeck1" classname="MyTest" time="0.001"/>
  <testcase name="testBaccaratDealerGenerateDeck2" classname="MyTest" time="0"/>
  <testcase name="testBaccaratDealerConstructor" classname="MyTest" time="0"/>
  <testcase name="testBaccaratGameLogicEvaluatePlayerDraw1" classname="MyTest" time="0"/>
  <testcase name="testBaccaratGameLogicEvaluatePlayerDraw2" classname="MyTest" time="0.001"/>
  <testcase name="testBaccaratDealerDrawOne1" classname="MyTest" time="0"/>
  <testcase name="testBaccaratDealerDrawOne2" classname="MyTest" time="0"/>
  <testcase name="test1" classname="MyTest" time="0.003"/>
  <testcase name="testBaccaratGameLogicEvaluateBankerDraw1" classname="MyTest" time="0"/>
  <testcase name="testBaccaratGameLogicEvaluateBankerDraw2" classname="MyTest" time="0"/>
  <testcase name="testBaccaratGameLogicEvaluateBankerDraw3" classname="MyTest" time="0"/>
  <testcase name="testBaccaratGameLogicHandTotal1" classname="MyTest" time="0.001"/>
  <testcase name="testBaccaratGameLogicHandTotal2" classname="MyTest" time="0"/>
  <testcase name="testBaccaratGameConstructor" classname="MyTest" time="0.001"/>
  <testcase name="testBaccaratDealerShuffleCards1" classname="MyTest" time="0.01">
    <failure message="BaccaratDealer DealHand top card is the same. If top card is the same, re-run the test. ==&gt; expected: not equal but was: &lt;Diamonds&gt;" type="org.opentest4j.AssertionFailedError"><![CDATA[org.opentest4j.AssertionFailedError: BaccaratDealer DealHand top card is the same. If top card is the same, re-run the test. ==> expected: not equal but was: <Diamonds>
	at MyTest.testBaccaratDealerShuffleCards1(MyTest.java:137)
]]></failure>
  </testcase>
  <testcase name="testBaccaratDealerShuffleCards2" classname="MyTest" time="0"/>
  <testcase name="testBaccaratGameEvaluateWinnings1" classname="MyTest" time="0"/>
  <testcase name="testBaccaratGameEvaluateWinnings2" classname="MyTest" time="0"/>
  <testcase name="testBaccaratGameEvaluateWinnings3" classname="MyTest" time="0"/>
  <testcase name="testBaccaratGameEvaluateWinnings4" classname="MyTest" time="0"/>
  <testcase name="testBaccaratDealerDealHand1" classname="MyTest" time="0"/>
  <testcase name="testBaccaratDealerDealHand2" classname="MyTest" time="0"/>
  <testcase name="testCardClassConstructor" classname="MyTest" time="0.001"/>
</testsuite>